---------- Date: 2014-05-20 01:09:18 ~ IP : 70.113.52.106 ----------
REQUEST URI : /www/admin/index.php?route=catalog/category&amp;token=98244e2da6f1e521cc780a15178a539e
MOD DETAILS:
   modFile   : /home/wasadmin/public_html/www/vqmod/xml/admin_catalog_view_links.xml
   id        : Admin Product View Link
   version   : 1
   vqmver    : 2.1.5
   author    : godologic

File Name    : admin/controller/catalog/category.php(0)
VQModObject::applyMod - SEARCH NOT FOUND (ABORTING MOD): $this->data['delete'] = $this->url->link('catalog/category/delete', 'token=' . $this->session->data['token'], 'SSL');
----------------------------------------------------------------------


---------- Date: 2014-05-20 01:09:53 ~ IP : 70.113.52.106 ----------
REQUEST URI : /www/admin/index.php?route=catalog/category&amp;token=98244e2da6f1e521cc780a15178a539e
MOD DETAILS:
   modFile   : /home/wasadmin/public_html/www/vqmod/xml/admin_catalog_view_links.xml
   id        : Admin Product View Link
   version   : 1
   vqmver    : 2.1.5
   author    : godologic

File Name    : admin/controller/catalog/category.php(0)
VQModObject::applyMod - SEARCH NOT FOUND (ABORTING MOD): $this->data['delete'] = $this->url->link('catalog/category/delete', 'token=' . $this->session->data['token'], 'SSL');
----------------------------------------------------------------------


---------- Date: 2014-05-20 04:37:56 ~ IP : 70.113.52.106 ----------
REQUEST URI : /www/
MOD DETAILS:
   modFile   : /home/wasadmin/public_html/www/vqmod/xml/add_compare_link_156.xml
   id        : Add Compare Link
   version   : 1.0
   vqmver    : 2.3.2
   author    : Bruno MINGHETTI
VQModObject::parseMods - Could not resolve path for [catalog/language/french/common/header.php] (SKIPPED)
VQMod::_parseMods - DOM UNABLE TO LOAD: /home/wasadmin/public_html/www/vqmod/xml/additional-images-search-by model-number.xml
VQMod::_parseMods - DOM UNABLE TO LOAD: /home/wasadmin/public_html/www/vqmod/xml/addmore.xml
VQMod::_parseMods - DOM UNABLE TO LOAD: /home/wasadmin/public_html/www/vqmod/xml/om_jcarousel_additional.xml
MOD DETAILS:
   modFile   : /home/wasadmin/public_html/www/vqmod/xml/admin_filter_products_by_category.xml
   id        : Filter Products By Category
   version   : 1.0.0
   vqmver    : 1.0.8
   author    : Modification: Hildebrando; vQmod: Gigo
VQModObject::parseMods - Could not resolve path for [admin/language/croatia/catalog/product.php] (SKIPPED)
MOD DETAILS:
   modFile   : /home/wasadmin/public_html/www/vqmod/xml/filterbymanufacturer.xml
   id        : Filter by Manufacturer
   version   : 1.3
   vqmver    : 2.4
   author    : ocart777
VQModObject::parseMods - Could not resolve path for [catalog/language/YOUR_LANGUAGE/product/category.php] (SKIPPED)
VQModObject::parseMods - Could not resolve path for [catalog/language/YOUR_LANGUAGE/product/search.php] (SKIPPED)

MOD DETAILS:
   modFile   : /home/wasadmin/public_html/www/vqmod/xml/livesearch.xml
   id        : LiveSearch Autofill (CZ:našeptávač)
   version   : 1.2.0
   vqmver    : 2.0.0
   author    : MojeGalanterka.cz
VQModObject::parseMods - Could not resolve path for [catalog/language/czech/product/search.php] (SKIPPED)

MOD DETAILS:
   modFile   : /home/wasadmin/public_html/www/vqmod/xml/omf_swipe.xml
   id        : OMF Swipe
   version   : 1.0.2
   vqmver    : 2.0.0
   author    : www.wintechcomputers.com.au
VQModObject::parseMods - Could not resolve path for [catalog/view/theme/omf/template/product/product_mobile.tpl] (SKIPPED)

----------------------------------------------------------------------


---------- Date: 2014-05-20 06:11:22 ~ IP : 70.113.52.106 ----------
REQUEST URI : /www/admin/index.php?route=catalog/category&amp;token=f6d3d91d56eac0527f31d1ba05abad6a
MOD DETAILS:
   modFile   : /home/wasadmin/public_html/www/vqmod/xml/admin_catalog_view_links.xml
   id        : Admin Product View Link
   version   : 1
   vqmver    : 2.1.5
   author    : godologic

File Name    : admin/controller/catalog/category.php(0)
VQModObject::applyMod - SEARCH NOT FOUND (ABORTING MOD): $this->data['delete'] = $this->url->link('catalog/category/delete', 'token=' . $this->session->data['token'], 'SSL');
----------------------------------------------------------------------


---------- Date: 2014-05-20 06:11:28 ~ IP : 70.113.52.106 ----------
REQUEST URI : /www/admin/index.php?route=catalog/category&amp;token=f6d3d91d56eac0527f31d1ba05abad6a&amp;page=2
MOD DETAILS:
   modFile   : /home/wasadmin/public_html/www/vqmod/xml/admin_catalog_view_links.xml
   id        : Admin Product View Link
   version   : 1
   vqmver    : 2.1.5
   author    : godologic

File Name    : admin/controller/catalog/category.php(0)
VQModObject::applyMod - SEARCH NOT FOUND (ABORTING MOD): $this->data['delete'] = $this->url->link('catalog/category/delete', 'token=' . $this->session->data['token'], 'SSL');
----------------------------------------------------------------------


---------- Date: 2014-05-20 06:11:38 ~ IP : 70.113.52.106 ----------
REQUEST URI : /www/admin/index.php?route=catalog/category&amp;token=f6d3d91d56eac0527f31d1ba05abad6a&amp;page=2
MOD DETAILS:
   modFile   : /home/wasadmin/public_html/www/vqmod/xml/admin_catalog_view_links.xml
   id        : Admin Product View Link
   version   : 1
   vqmver    : 2.1.5
   author    : godologic

File Name    : admin/controller/catalog/category.php(0)
VQModObject::applyMod - SEARCH NOT FOUND (ABORTING MOD): $this->data['delete'] = $this->url->link('catalog/category/delete', 'token=' . $this->session->data['token'], 'SSL');
----------------------------------------------------------------------


---------- Date: 2014-05-20 06:11:41 ~ IP : 70.113.52.106 ----------
REQUEST URI : /www/admin/index.php?route=catalog/category&amp;token=f6d3d91d56eac0527f31d1ba05abad6a
MOD DETAILS:
   modFile   : /home/wasadmin/public_html/www/vqmod/xml/admin_catalog_view_links.xml
   id        : Admin Product View Link
   version   : 1
   vqmver    : 2.1.5
   author    : godologic

File Name    : admin/controller/catalog/category.php(0)
VQModObject::applyMod - SEARCH NOT FOUND (ABORTING MOD): $this->data['delete'] = $this->url->link('catalog/category/delete', 'token=' . $this->session->data['token'], 'SSL');
----------------------------------------------------------------------


---------- Date: 2014-05-20 07:39:01 ~ IP : 70.113.52.106 ----------
REQUEST URI : /www/admin/index.php?route=catalog/category&amp;token=670c5bbea43809d274836edd98cd49cf
MOD DETAILS:
   modFile   : /home/wasadmin/public_html/www/vqmod/xml/admin_catalog_view_links.xml
   id        : Admin Product View Link
   version   : 1
   vqmver    : 2.1.5
   author    : godologic

File Name    : admin/controller/catalog/category.php(0)
VQModObject::applyMod - SEARCH NOT FOUND (ABORTING MOD): $this->data['delete'] = $this->url->link('catalog/category/delete', 'token=' . $this->session->data['token'], 'SSL');
----------------------------------------------------------------------


---------- Date: 2014-05-20 07:39:06 ~ IP : 70.113.52.106 ----------
REQUEST URI : /www/admin/index.php?route=catalog/category&amp;token=670c5bbea43809d274836edd98cd49cf&amp;page=2
MOD DETAILS:
   modFile   : /home/wasadmin/public_html/www/vqmod/xml/admin_catalog_view_links.xml
   id        : Admin Product View Link
   version   : 1
   vqmver    : 2.1.5
   author    : godologic

File Name    : admin/controller/catalog/category.php(0)
VQModObject::applyMod - SEARCH NOT FOUND (ABORTING MOD): $this->data['delete'] = $this->url->link('catalog/category/delete', 'token=' . $this->session->data['token'], 'SSL');
----------------------------------------------------------------------


---------- Date: 2014-05-20 16:00:13 ~ IP : 70.113.52.106 ----------
REQUEST URI : /www/admin/index.php?route=catalog/category&amp;token=98e1640ab1dc1723cf2cab408df80ccd
MOD DETAILS:
   modFile   : /home/wasadmin/public_html/www/vqmod/xml/admin_catalog_view_links.xml
   id        : Admin Product View Link
   version   : 1
   vqmver    : 2.1.5
   author    : godologic

File Name    : admin/controller/catalog/category.php(0)
VQModObject::applyMod - SEARCH NOT FOUND (ABORTING MOD): $this->data['delete'] = $this->url->link('catalog/category/delete', 'token=' . $this->session->data['token'], 'SSL');
----------------------------------------------------------------------


