---------- Date: 2014-05-08 04:16:15 ~ IP : 70.113.52.106 ----------
REQUEST URI : /www/index.php?route=common/home
MOD DETAILS:
   modFile   : /home/wasadmin/public_html/www/vqmod/xml/add_compare_link_156.xml
   id        : Add Compare Link
   version   : 1.0
   vqmver    : 2.3.2
   author    : Bruno MINGHETTI
VQModObject::parseMods - Could not resolve path for [catalog/language/french/common/header.php] (SKIPPED)
VQMod::_parseMods - DOM UNABLE TO LOAD: /home/wasadmin/public_html/www/vqmod/xml/additional-images-search-by model-number.xml
VQMod::_parseMods - DOM UNABLE TO LOAD: /home/wasadmin/public_html/www/vqmod/xml/addmore.xml
VQMod::_parseMods - DOM UNABLE TO LOAD: /home/wasadmin/public_html/www/vqmod/xml/om_jcarousel_additional.xml
MOD DETAILS:
   modFile   : /home/wasadmin/public_html/www/vqmod/xml/filterbymanufacturer.xml
   id        : Filter by Manufacturer
   version   : 1.3
   vqmver    : 2.4
   author    : ocart777
VQModObject::parseMods - Could not resolve path for [catalog/language/YOUR_LANGUAGE/product/category.php] (SKIPPED)
VQModObject::parseMods - Could not resolve path for [catalog/language/YOUR_LANGUAGE/product/search.php] (SKIPPED)

MOD DETAILS:
   modFile   : /home/wasadmin/public_html/www/vqmod/xml/livesearch.xml
   id        : LiveSearch Autofill (CZ:našeptávač)
   version   : 1.2.0
   vqmver    : 2.0.0
   author    : MojeGalanterka.cz
VQModObject::parseMods - Could not resolve path for [catalog/language/czech/product/search.php] (SKIPPED)

MOD DETAILS:
   modFile   : /home/wasadmin/public_html/www/vqmod/xml/omf_swipe.xml
   id        : OMF Swipe
   version   : 1.0.2
   vqmver    : 2.0.0
   author    : www.wintechcomputers.com.au
VQModObject::parseMods - Could not resolve path for [catalog/view/theme/omf/template/product/product_mobile.tpl] (SKIPPED)

----------------------------------------------------------------------


---------- Date: 2014-05-08 04:43:58 ~ IP : 70.113.52.106 ----------
REQUEST URI : /www/index.php?route=common/home
MOD DETAILS:
   modFile   : /home/wasadmin/public_html/www/vqmod/xml/add_compare_link_156.xml
   id        : Add Compare Link
   version   : 1.0
   vqmver    : 2.3.2
   author    : Bruno MINGHETTI
VQModObject::parseMods - Could not resolve path for [catalog/language/french/common/header.php] (SKIPPED)
VQMod::_parseMods - DOM UNABLE TO LOAD: /home/wasadmin/public_html/www/vqmod/xml/additional-images-search-by model-number.xml
VQMod::_parseMods - DOM UNABLE TO LOAD: /home/wasadmin/public_html/www/vqmod/xml/addmore.xml
VQMod::_parseMods - DOM UNABLE TO LOAD: /home/wasadmin/public_html/www/vqmod/xml/om_jcarousel_additional.xml
MOD DETAILS:
   modFile   : /home/wasadmin/public_html/www/vqmod/xml/filterbymanufacturer.xml
   id        : Filter by Manufacturer
   version   : 1.3
   vqmver    : 2.4
   author    : ocart777
VQModObject::parseMods - Could not resolve path for [catalog/language/YOUR_LANGUAGE/product/category.php] (SKIPPED)
VQModObject::parseMods - Could not resolve path for [catalog/language/YOUR_LANGUAGE/product/search.php] (SKIPPED)

MOD DETAILS:
   modFile   : /home/wasadmin/public_html/www/vqmod/xml/livesearch.xml
   id        : LiveSearch Autofill (CZ:našeptávač)
   version   : 1.2.0
   vqmver    : 2.0.0
   author    : MojeGalanterka.cz
VQModObject::parseMods - Could not resolve path for [catalog/language/czech/product/search.php] (SKIPPED)

MOD DETAILS:
   modFile   : /home/wasadmin/public_html/www/vqmod/xml/omf_swipe.xml
   id        : OMF Swipe
   version   : 1.0.2
   vqmver    : 2.0.0
   author    : www.wintechcomputers.com.au
VQModObject::parseMods - Could not resolve path for [catalog/view/theme/omf/template/product/product_mobile.tpl] (SKIPPED)

----------------------------------------------------------------------


